Determining if the pthread_create exist failed with the following output:
Change Dir: /home/federico/rosjava/build/CMakeFiles/CMakeTmp

Run Build Command:"/usr/bin/make" "cmTC_651c0/fast"
/usr/bin/make -f CMakeFiles/cmTC_651c0.dir/build.make CMakeFiles/cmTC_651c0.dir/build
make[1]: ingresso nella directory "/home/federico/rosjava/build/CMakeFiles/CMakeTmp"
Building C object CMakeFiles/cmTC_651c0.dir/CheckSymbolExists.c.o
/usr/bin/cc    -o CMakeFiles/cmTC_651c0.dir/CheckSymbolExists.c.o   -c /home/federico/rosjava/build/CMakeFiles/CMakeTmp/CheckSymbolExists.c
Linking C executable cmTC_651c0
/usr/bin/cmake -E cmake_link_script CMakeFiles/cmTC_651c0.dir/link.txt --verbose=1
/usr/bin/cc      -rdynamic CMakeFiles/cmTC_651c0.dir/CheckSymbolExists.c.o  -o cmTC_651c0 
CMakeFiles/cmTC_651c0.dir/CheckSymbolExists.c.o: nella funzione "main":
CheckSymbolExists.c:(.text+0x1b): riferimento non definito a "pthread_create"
collect2: error: ld returned 1 exit status
CMakeFiles/cmTC_651c0.dir/build.make:97: recipe for target 'cmTC_651c0' failed
make[1]: *** [cmTC_651c0] Error 1
make[1]: uscita dalla directory "/home/federico/rosjava/build/CMakeFiles/CMakeTmp"
Makefile:126: recipe for target 'cmTC_651c0/fast' failed
make: *** [cmTC_651c0/fast] Error 2

File /home/federico/rosjava/build/CMakeFiles/CMakeTmp/CheckSymbolExists.c:
/* */
#include <pthread.h>

int main(int argc, char** argv)
{
  (void)argv;
#ifndef pthread_create
  return ((int*)(&pthread_create))[argc];
#else
  (void)argc;
  return 0;
#endif
}

Determining if the function pthread_create exists in the pthreads failed with the following output:
Change Dir: /home/federico/rosjava/build/CMakeFiles/CMakeTmp

Run Build Command:"/usr/bin/make" "cmTC_87155/fast"
/usr/bin/make -f CMakeFiles/cmTC_87155.dir/build.make CMakeFiles/cmTC_87155.dir/build
make[1]: ingresso nella directory "/home/federico/rosjava/build/CMakeFiles/CMakeTmp"
Building C object CMakeFiles/cmTC_87155.dir/CheckFunctionExists.c.o
/usr/bin/cc   -DCHECK_FUNCTION_EXISTS=pthread_create   -o CMakeFiles/cmTC_87155.dir/CheckFunctionExists.c.o   -c /usr/share/cmake-3.10/Modules/CheckFunctionExists.c
Linking C executable cmTC_87155
/usr/bin/cmake -E cmake_link_script CMakeFiles/cmTC_87155.dir/link.txt --verbose=1
/usr/bin/cc  -DCHECK_FUNCTION_EXISTS=pthread_create    -rdynamic CMakeFiles/cmTC_87155.dir/CheckFunctionExists.c.o  -o cmTC_87155 -lpthreads 
/usr/bin/ld: impossibile trovare -lpthreads
collect2: error: ld returned 1 exit status
CMakeFiles/cmTC_87155.dir/build.make:97: recipe for target 'cmTC_87155' failed
make[1]: *** [cmTC_87155] Error 1
make[1]: uscita dalla directory "/home/federico/rosjava/build/CMakeFiles/CMakeTmp"
Makefile:126: recipe for target 'cmTC_87155/fast' failed
make: *** [cmTC_87155/fast] Error 2


